2011-09-14T12:41:17.647000 Errore lettura file di configurazione.
2011-09-14T12:41:19.300000  Start sending ... 
2011-09-14T12:41:32.308000  Start sending ... 
2011-09-14T12:41:38.227000  Start sending ... 
2011-09-14T12:43:25.802000 Errore lettura file di configurazione.
2011-09-14T12:43:27.364000  Start sending ... 
2011-09-14T12:43:27.384000  ... stop sending.
2011-09-14T12:43:41.965000  Start sending ... 
2011-09-14T12:43:41.995000  ... stop sending.
2011-09-14T12:44:42.602000 Errore lettura file di configurazione.
2011-09-14T12:44:56.081000  Start sending ... 
2011-09-14T12:44:58.565000 2005 Unknown MySQL server host 'alf' (11001)
2011-09-14T12:44:58.575000  ... stop sending.
2011-09-14T12:45:16.941000  Start sending ... 
2011-09-14T12:45:22.079000 0.0,"3.007",0.0,0.0,0,0,0,0,0.0,0.0,0,47,0.0,0,0.0,0,0,0,0,0.0,0,"12:45:22","2011-09-14",0,0.0,0.0,0.0,0.0,0,0.0,0
2011-09-14T12:45:27.096000 0.0,"3.007",0.0,0.0,0,0,0,0,0.0,0.0,0,52,0.0,0,0.0,0,0,0,0,0.0,0,"12:45:27","2011-09-14",0,0.0,0.0,0.0,0.0,0,0.0,0
2011-09-14T12:45:32.324000 0.0,"3.007",0.0,0.0,0,0,0,0,0.0,0.0,0,57,0.0,0,0.0,0,0,0,0,0.0,0,"12:45:32","2011-09-14",0,0.0,0.0,0.0,0.0,0,0.0,0
2011-09-14T12:45:37.090000 0.0,"3.007",0.0,0.0,0,0,0,0,0.0,0.0,0,61,0.0,0,0.0,0,0,0,0,0.0,0,"12:45:37","2011-09-14",0,0.0,0.0,0.0,0.0,0,0.0,0
2011-09-14T12:45:42.128000 0.0,"3.007",0.0,0.0,0,0,0,0,0.0,0.0,0,66,0.0,0,0.0,0,0,0,0,0.0,0,"12:45:42","2011-09-14",0,0.0,0.0,0.0,0.0,0,0.0,0
2011-09-14T12:45:43.550000  ... stop sending.
2011-09-14T12:45:52.222000  Start sending ... 
2011-09-14T12:45:53.905000  ... stop sending.
2011-09-14T12:46:00.264000  Start sending ... 
2011-09-14T12:46:05.551000 0.0,"3.007",0.0,0.0,0,0,0,0,0.0,0.0,0,14,0.0,0,0.0,0,0,0,0,0.0,0,"12:46:05","2011-09-14",0,0.0,0.0,0.0,0.0,0,0.0,0
2011-09-14T12:46:10.559000 0.0,"3.007",0.0,0.0,0,0,0,0,0.0,0.0,0,19,0.0,0,0.0,0,0,0,0,0.0,0,"12:46:10","2011-09-14",0,0.0,0.0,0.0,0.0,0,0.0,0
2011-09-14T12:46:14.805000  ... stop sending.
2011-09-14T13:31:14.858000 Errore lettura file di configurazione.
2011-09-14T13:34:51.804000 Errore lettura file di configurazione.
2011-09-14T13:35:05.795000  Start sending ... 
2011-09-14T13:35:07.277000  ... stop sending.
2011-12-13T20:52:29.225000  Start sending ... 
2011-12-13T20:54:31.131000 0.0,"3.007",0.0,"2011-12-13 20:54:30",0,0,0,0,0.0,0.0,0,367,0.0,0,0.0,0,0,0,0,0.0,0,0,0.0,0.0,0.0,0.0,0.0,0,0.0,0
2011-12-13T20:56:31.023000 0.0,"3.007",0.0,"2011-12-13 20:56:30",0,0,0,0,0.0,0.0,0,486,0.0,0,0.0,0,0,0,0,0.0,0,0,0.0,0.0,0.0,0.0,0.0,0,0.0,0
2011-12-13T20:58:31.051000 0.0,"3.007",0.0,"2011-12-13 20:58:31",0,0,0,0,0.0,0.0,0,606,0.0,0,0.0,0,0,0,0,0.0,0,0,0.0,0.0,0.0,0.0,0.0,0,0.0,0
2011-12-13T21:00:31.304000 0.0,"3.007",0.0,"2011-12-13 21:00:31",0,0,0,0,0.0,0.0,0,726,0.0,0,0.0,0,0,0,0,0.0,0,0,0.0,0.0,0.0,0.0,0.0,0,0.0,0
